

processing file: 4-visualize_global_ld.Rmd
  |                                                                         |                                                                 |   0%  |                                                                         |.......                                                          |  11%
  ordinary text without R code

  |                                                                         |..............                                                   |  22%
label: unnamed-chunk-1
  |                                                                         |......................                                           |  33%
  ordinary text without R code

  |                                                                         |.............................                                    |  44%
label: unnamed-chunk-2
  |                                                                         |....................................                             |  56%
  ordinary text without R code

  |                                                                         |...........................................                      |  67%
label: unnamed-chunk-3
  |                                                                         |...................................................              |  78%
  ordinary text without R code

  |                                                                         |..........................................................       |  89%
label: global_ld (with options) 
List of 3
 $ dpi     : num 300
 $ dev     : chr "tiff"
 $ dev.args: language list(tiff = list(compression = "lzw"))

  |                                                                         |.................................................................| 100%
  ordinary text without R code


output file: 4-visualize_global_ld.md

Job Id: 40837086.mgr-04.i
    Job_Name = 4-visualize_global_ld
    Job_Owner = funkhou9@dev-intel16.i
    job_state = R
    queue = main
    server = mgr-04.i
    Checkpoint = u
    ctime = Mon Apr  3 16:30:26 2017
    Error_Path = dev-intel16:/mnt/research/pigsnp/NSR/650K_Chip/ld_estimation/
	scripts/4-visualize_global_ld_literate/4-visualize_global_ld.out
    exec_host = lac-085/5
    Hold_Types = n
    Join_Path = oe
    Keep_Files = n
    Mail_Points = abe
    mtime = Mon Apr  3 16:31:20 2017
    Output_Path = dev-intel16:/mnt/research/pigsnp/NSR/650K_Chip/ld_estimation
	/scripts/4-visualize_global_ld_literate/4-visualize_global_ld.out
    Priority = 0
    qtime = Mon Apr  3 16:30:26 2017
    Rerunable = False
    Resource_List.mem = 8gb
    Resource_List.nodect = 1
    Resource_List.nodes = 1:ppn=1:intel16
    Resource_List.walltime = 00:10:00
    session_id = 19499
    Variable_List = PBS_O_QUEUE=main,PBS_O_HOME=/mnt/home/funkhou9,
	PBS_O_LOGNAME=funkhou9,
	PBS_O_PATH=/opt/software/R/3.2.0--GCC-4.4.5/bin:/opt/software/powerto
	ols/bin:/opt/software/Stata/13.0:/opt/software/MATLAB/R2014a/bin:/opt/
	software/Python/2.7.2--GCC-4.4.5/bin:/opt/software/cmake/2.8.5--GCC-4.
	4.5/bin:/opt/software/OpenMPI/1.4.3--GCC-4.4.5/bin:/usr/lib64/qt-3.3/b
	in:/opt/software/lmod/bin:/opt/moab/bin:/usr/local/bin:/bin:/usr/bin:/
	usr/local/sbin:/usr/sbin:/sbin:/usr/local/hpcc/bin:/opt/ibutils/bin:/m
	nt/home/funkhou9/Productivity,PBS_O_MAIL=/var/spool/mail/funkhou9,
	PBS_O_SHELL=/bin/bash,PBS_O_LANG=en_US.UTF-8,
	PBS_O_WORKDIR=/mnt/research/pigsnp/NSR/650K_Chip/ld_estimation/script
	s,PBS_O_HOST=dev-intel16.i,PBS_O_SERVER=mgr-04
    euser = funkhou9
    egroup = gen
    queue_type = E
    etime = Mon Apr  3 16:30:26 2017
    submit_args = base.sh
    start_time = Mon Apr  3 16:31:20 2017
    Walltime.Remaining = 595
    start_count = 1
    fault_tolerant = False
    job_radix = 0
    submit_host = dev-intel16.i

